2025-10-24 18:28:37,449 - __main__ - INFO - Sending demo email to dinesh@ecell.in
2025-10-24 18:28:37,765 - __main__ - INFO - Demo email sent successfully to dinesh@ecell.in. MessageId: 0109019a164cb743-5d02529d-ff45-4b6e-9780-0c3985f1a36b-000000
2025-10-24 18:29:48,391 - __main__ - INFO - Sending demo email to dinesh@ecell.in
2025-10-24 18:29:48,633 - __main__ - INFO - Demo email sent successfully to dinesh@ecell.in. MessageId: 0109019a164dcc21-0b992227-f592-4a2b-a8bc-b823e5edb7d2-000000
2025-10-24 18:33:07,521 - __main__ - INFO - Sending demo email to dinesh@ecell.in
2025-10-24 18:33:07,813 - __main__ - INFO - Demo email sent successfully to dinesh@ecell.in. MessageId: 0109019a1650d63e-ab232a8d-c9f5-47b9-aa91-b0c9b3e8fb1a-000000
2025-10-24 19:56:18,108 - __main__ - INFO - Sending demo email to dinesh@ecell.in
2025-10-24 19:56:18,299 - __main__ - ERROR - SES ClientError sending demo email to dinesh@ecell.in: SignatureDoesNotMatch - The request signature we calculated does not match the signature you provided. Check your AWS Secret Access Key and signing method. Consult the service documentation for details.
2025-10-24 20:01:04,453 - __main__ - INFO - Sending demo email to dinesh@ecell.in
2025-10-24 20:01:04,651 - __main__ - ERROR - SES ClientError sending demo email to dinesh@ecell.in: SignatureDoesNotMatch - The request signature we calculated does not match the signature you provided. Check your AWS Secret Access Key and signing method. Consult the service documentation for details.
2025-10-25 13:57:20,912 - asyncio - ERROR - Task exception was never retrieved
future: <Task finished name='Task-126' coro=<WebSocketProtocol13.write_message.<locals>.wrapper() done, defined at /Volumes/Asta/E-Cell Web/mail-streamlit/venv/lib/python3.10/site-packages/tornado/websocket.py:1111> exception=WebSocketClosedError()>
Traceback (most recent call last):
  File "/Volumes/Asta/E-Cell Web/mail-streamlit/venv/lib/python3.10/site-packages/tornado/websocket.py", line 1113, in wrapper
    await fut
tornado.iostream.StreamClosedError: Stream is closed

During handling of the above exception, another exception occurred:

Traceback (most recent call last):
  File "/Volumes/Asta/E-Cell Web/mail-streamlit/venv/lib/python3.10/site-packages/tornado/websocket.py", line 1115, in wrapper
    raise WebSocketClosedError()
tornado.websocket.WebSocketClosedError
2025-11-03 19:37:08,502 - __main__ - ERROR - Error fetching SES statistics: An error occurred (SignatureDoesNotMatch) when calling the GetSendStatistics operation: The request signature we calculated does not match the signature you provided. Check your AWS Secret Access Key and signing method. Consult the service documentation for details.
2025-11-03 19:58:51,120 - __main__ - INFO - Sending demo email to dinesh@ecell.in
2025-11-03 19:58:51,241 - __main__ - ERROR - SES ClientError sending demo email to dinesh@ecell.in: SignatureDoesNotMatch - The request signature we calculated does not match the signature you provided. Check your AWS Secret Access Key and signing method. Consult the service documentation for details.
2025-11-03 19:59:26,679 - __main__ - INFO - Sending demo email to dinesh@ecell.in
2025-11-03 19:59:26,784 - __main__ - ERROR - SES ClientError sending demo email to dinesh@ecell.in: SignatureDoesNotMatch - The request signature we calculated does not match the signature you provided. Check your AWS Secret Access Key and signing method. Consult the service documentation for details.
2025-11-03 19:59:31,993 - __main__ - INFO - Sending demo email to dinesh@ecell.in
2025-11-03 19:59:32,114 - __main__ - ERROR - SES ClientError sending demo email to dinesh@ecell.in: SignatureDoesNotMatch - The request signature we calculated does not match the signature you provided. Check your AWS Secret Access Key and signing method. Consult the service documentation for details.
2025-11-03 20:00:36,459 - __main__ - INFO - Sending demo email to dinesh@ecell.in
2025-11-03 20:00:36,616 - __main__ - ERROR - SES ClientError sending demo email to dinesh@ecell.in: SignatureDoesNotMatch - The request signature we calculated does not match the signature you provided. Check your AWS Secret Access Key and signing method. Consult the service documentation for details.
2025-11-03 20:00:36,993 - __main__ - INFO - Sending demo email to dinesh@ecell.in
2025-11-03 20:00:37,095 - __main__ - ERROR - SES ClientError sending demo email to dinesh@ecell.in: SignatureDoesNotMatch - The request signature we calculated does not match the signature you provided. Check your AWS Secret Access Key and signing method. Consult the service documentation for details.
2025-11-03 20:00:47,433 - __main__ - INFO - Sending demo email to dinesh@ecell.in
2025-11-03 20:00:47,545 - __main__ - ERROR - SES ClientError sending demo email to dinesh@ecell.in: SignatureDoesNotMatch - The request signature we calculated does not match the signature you provided. Check your AWS Secret Access Key and signing method. Consult the service documentation for details.
2025-11-05 14:55:11,827 - __main__ - INFO - Sending demo email to dinesh@ecell.in
2025-11-05 14:55:11,928 - __main__ - ERROR - SES ClientError sending demo email to dinesh@ecell.in: SignatureDoesNotMatch - The request signature we calculated does not match the signature you provided. Check your AWS Secret Access Key and signing method. Consult the service documentation for details.
2025-11-05 23:21:21,336 - __main__ - INFO - Sending demo email to dinesh@ecell.in
2025-11-05 23:21:21,513 - __main__ - INFO - Demo email sent successfully to dinesh@ecell.in. MessageId: 0109019a55250746-0fb36621-d372-4f52-90f1-536f884d2126-000000
2025-11-11 19:21:26,450 - __main__ - INFO - Sending demo email to dinesh@ecell.in
2025-11-11 19:21:26,710 - __main__ - INFO - Demo email sent successfully to dinesh@ecell.in. MessageId: 0109019a732f898f-8b32b066-8814-4436-a408-48126bf7b59e-000000
2025-11-11 19:22:41,352 - __main__ - INFO - Sending demo email to dinesh@ecell.in
2025-11-11 19:22:41,541 - __main__ - INFO - Demo email sent successfully to dinesh@ecell.in. MessageId: 0109019a7330ae0a-5e67edbe-b42c-410f-a310-e15a5e2de6b1-000000
2025-11-14 01:42:43,760 - __main__ - INFO - Sending demo email to dinesh@ecell.in
2025-11-14 01:42:44,037 - __main__ - INFO - Demo email sent successfully to dinesh@ecell.in. MessageId: 0109019a7ed955f3-d7c72189-1542-4703-8cf0-44f450ff9b06-000000
2025-11-14 01:43:26,156 - __main__ - INFO - Sending demo email to dinesh@ecell.in
2025-11-14 01:43:26,687 - __main__ - INFO - Demo email sent successfully to dinesh@ecell.in. MessageId: 0109019a7ed9fc2b-63cac1ce-5699-4777-8099-c488e32fba3e-000000
2025-11-14 01:45:36,016 - __main__ - INFO - Starting bulk email campaign for 1 recipients
2025-11-14 01:45:36,282 - __main__ - INFO - Email sent to dinesh@ecell.in. MessageId: 0109019a7edbf6dd-ca51d67d-9d33-462f-bc84-31bcc30406a2-000000
2025-11-14 01:45:36,286 - __main__ - INFO - Bulk email campaign completed. Sent: 1, Failed: 0
2025-11-14 01:46:14,963 - __main__ - INFO - Starting bulk email campaign for 1 recipients
2025-11-14 01:46:15,182 - __main__ - INFO - Email sent to dinesh@ecell.in. MessageId: 0109019a7edc8eca-a52a88e6-15d6-4756-914f-d68ab7b26dab-000000
2025-11-14 01:46:15,184 - __main__ - INFO - Bulk email campaign completed. Sent: 1, Failed: 0
2025-11-14 01:46:54,377 - __main__ - INFO - Starting bulk email campaign for 1 recipients
2025-11-14 01:46:54,579 - __main__ - INFO - Email sent to dinesh@ecell.in. MessageId: 0109019a7edd28d2-783b654f-af9d-4002-b1b0-c63f05b87b23-000000
2025-11-14 01:46:54,581 - __main__ - INFO - Bulk email campaign completed. Sent: 1, Failed: 0
2025-11-14 01:47:07,963 - __main__ - INFO - Starting bulk email campaign for 1 recipients
2025-11-14 01:47:08,161 - __main__ - INFO - Email sent to dinesh@ecell.in. MessageId: 0109019a7edd5dd3-ab7c6860-0746-4c7d-ab6f-b813e06a6aae-000000
2025-11-14 01:47:08,163 - __main__ - INFO - Bulk email campaign completed. Sent: 1, Failed: 0
2025-11-14 01:47:28,621 - __main__ - INFO - Starting bulk email campaign for 1 recipients
2025-11-14 01:47:28,817 - __main__ - INFO - Email sent to dinesh@ecell.in. MessageId: 0109019a7eddae89-74d8b907-80e6-4255-8406-2fcbdb1eaf1e-000000
2025-11-14 01:47:28,819 - __main__ - INFO - Bulk email campaign completed. Sent: 1, Failed: 0
2025-11-14 01:50:52,162 - __main__ - INFO - Starting bulk email campaign for 1 recipients
2025-11-14 01:50:52,204 - __main__ - WARNING - PDF not found: /pdf/invitation_NEC2558064.pdf for dinesh@ecell.in
2025-11-14 01:50:52,375 - __main__ - INFO - Email sent to dinesh@ecell.in. MessageId: 0109019a7ee0c99f-ad9c1e2d-593d-4319-a3f9-6b760ba96405-000000
2025-11-14 01:50:52,377 - __main__ - INFO - Bulk email campaign completed. Sent: 1, Failed: 0
2025-11-14 01:53:16,014 - __main__ - INFO - Starting bulk email campaign for 1 recipients
2025-11-14 01:53:16,088 - __main__ - WARNING - PDF not found: /pdf/invitation_NEC2558064.pdf for dinesh@ecell.in
2025-11-14 01:53:16,253 - __main__ - INFO - Email sent to dinesh@ecell.in. MessageId: 0109019a7ee2fbac-308f9d17-363a-49c7-91ff-17f6bf4d5882-000000
2025-11-14 01:53:16,256 - __main__ - INFO - Bulk email campaign completed. Sent: 1, Failed: 0
2025-11-14 01:53:44,062 - __main__ - INFO - Starting bulk email campaign for 1 recipients
2025-11-14 01:53:44,106 - __main__ - INFO - PDF found: pdf/invitation_NEC2558064.pdf for dinesh@ecell.in
2025-11-14 01:53:44,514 - __main__ - INFO - Email sent to dinesh@ecell.in. MessageId: 0109019a7ee369dd-cf83cf47-438f-4be6-a56e-f77a2394a501-000000
2025-11-14 01:53:44,519 - __main__ - INFO - Bulk email campaign completed. Sent: 1, Failed: 0
2025-11-14 01:56:42,084 - __main__ - INFO - Starting bulk email campaign for 1 recipients
2025-11-14 01:56:42,163 - __main__ - INFO - PDF found: pdfs/invitation_NEC2558064.pdf for dinesh@ecell.in
2025-11-14 01:56:42,601 - __main__ - INFO - Email sent to dinesh@ecell.in. MessageId: 0109019a7ee62169-e0bac8cb-c587-4dc8-9343-8596d77c9b1e-000000
2025-11-14 01:56:42,606 - __main__ - INFO - Bulk email campaign completed. Sent: 1, Failed: 0
